[2022-01-25 06:03:57,206] {processor.py:163} INFO - Started process (PID=2009) to work on /opt/airflow/dags/second_dag.py
[2022-01-25 06:03:57,207] {processor.py:642} INFO - Processing file /opt/airflow/dags/second_dag.py for tasks to queue
[2022-01-25 06:03:57,208] {logging_mixin.py:109} INFO - [2022-01-25 06:03:57,208] {dagbag.py:500} INFO - Filling up the DagBag from /opt/airflow/dags/second_dag.py
[2022-01-25 06:03:57,243] {processor.py:654} INFO - DAG(s) dict_keys(['this_is_first_dag']) retrieved from /opt/airflow/dags/second_dag.py
[2022-01-25 06:03:57,482] {logging_mixin.py:109} INFO - [2022-01-25 06:03:57,482] {dag.py:2396} INFO - Sync 1 DAGs
[2022-01-25 06:03:57,502] {logging_mixin.py:109} INFO - [2022-01-25 06:03:57,501] {dag.py:2935} INFO - Setting next_dagrun for this_is_first_dag to 2022-01-12 00:00:00+00:00
[2022-01-25 06:03:57,514] {processor.py:171} INFO - Processing /opt/airflow/dags/second_dag.py took 0.313 seconds
[2022-01-25 06:04:28,358] {processor.py:163} INFO - Started process (PID=2039) to work on /opt/airflow/dags/second_dag.py
[2022-01-25 06:04:28,360] {processor.py:642} INFO - Processing file /opt/airflow/dags/second_dag.py for tasks to queue
[2022-01-25 06:04:28,361] {logging_mixin.py:109} INFO - [2022-01-25 06:04:28,361] {dagbag.py:500} INFO - Filling up the DagBag from /opt/airflow/dags/second_dag.py
[2022-01-25 06:04:28,393] {processor.py:654} INFO - DAG(s) dict_keys(['this_is_first_dag']) retrieved from /opt/airflow/dags/second_dag.py
[2022-01-25 06:04:28,404] {logging_mixin.py:109} INFO - [2022-01-25 06:04:28,404] {dag.py:2396} INFO - Sync 1 DAGs
[2022-01-25 06:04:28,425] {logging_mixin.py:109} INFO - [2022-01-25 06:04:28,425] {dag.py:2935} INFO - Setting next_dagrun for this_is_first_dag to 2022-01-12 00:00:00+00:00
[2022-01-25 06:04:28,434] {processor.py:171} INFO - Processing /opt/airflow/dags/second_dag.py took 0.080 seconds
[2022-01-25 06:04:58,546] {processor.py:163} INFO - Started process (PID=2069) to work on /opt/airflow/dags/second_dag.py
[2022-01-25 06:04:58,547] {processor.py:642} INFO - Processing file /opt/airflow/dags/second_dag.py for tasks to queue
[2022-01-25 06:04:58,548] {logging_mixin.py:109} INFO - [2022-01-25 06:04:58,548] {dagbag.py:500} INFO - Filling up the DagBag from /opt/airflow/dags/second_dag.py
[2022-01-25 06:04:58,579] {processor.py:654} INFO - DAG(s) dict_keys(['this_is_first_dag']) retrieved from /opt/airflow/dags/second_dag.py
[2022-01-25 06:04:58,583] {logging_mixin.py:109} INFO - [2022-01-25 06:04:58,583] {dag.py:2396} INFO - Sync 1 DAGs
[2022-01-25 06:04:58,604] {logging_mixin.py:109} INFO - [2022-01-25 06:04:58,604] {dag.py:2935} INFO - Setting next_dagrun for this_is_first_dag to 2022-01-12 00:00:00+00:00
[2022-01-25 06:04:58,613] {processor.py:171} INFO - Processing /opt/airflow/dags/second_dag.py took 0.071 seconds
[2022-01-25 06:05:28,686] {processor.py:163} INFO - Started process (PID=2109) to work on /opt/airflow/dags/second_dag.py
[2022-01-25 06:05:28,687] {processor.py:642} INFO - Processing file /opt/airflow/dags/second_dag.py for tasks to queue
[2022-01-25 06:05:28,688] {logging_mixin.py:109} INFO - [2022-01-25 06:05:28,688] {dagbag.py:500} INFO - Filling up the DagBag from /opt/airflow/dags/second_dag.py
[2022-01-25 06:05:28,720] {processor.py:654} INFO - DAG(s) dict_keys(['this_is_first_dag']) retrieved from /opt/airflow/dags/second_dag.py
[2022-01-25 06:05:28,944] {logging_mixin.py:109} INFO - [2022-01-25 06:05:28,943] {dag.py:2396} INFO - Sync 1 DAGs
[2022-01-25 06:05:28,961] {logging_mixin.py:109} INFO - [2022-01-25 06:05:28,961] {dag.py:2935} INFO - Setting next_dagrun for this_is_first_dag to 2022-01-12 00:00:00+00:00
[2022-01-25 06:05:28,971] {processor.py:171} INFO - Processing /opt/airflow/dags/second_dag.py took 0.289 seconds
[2022-01-25 06:05:59,837] {processor.py:163} INFO - Started process (PID=2139) to work on /opt/airflow/dags/second_dag.py
[2022-01-25 06:05:59,838] {processor.py:642} INFO - Processing file /opt/airflow/dags/second_dag.py for tasks to queue
[2022-01-25 06:05:59,839] {logging_mixin.py:109} INFO - [2022-01-25 06:05:59,839] {dagbag.py:500} INFO - Filling up the DagBag from /opt/airflow/dags/second_dag.py
[2022-01-25 06:05:59,870] {processor.py:654} INFO - DAG(s) dict_keys(['this_is_first_dag']) retrieved from /opt/airflow/dags/second_dag.py
[2022-01-25 06:05:59,882] {logging_mixin.py:109} INFO - [2022-01-25 06:05:59,882] {dag.py:2396} INFO - Sync 1 DAGs
[2022-01-25 06:05:59,902] {logging_mixin.py:109} INFO - [2022-01-25 06:05:59,901] {dag.py:2935} INFO - Setting next_dagrun for this_is_first_dag to 2022-01-12 00:00:00+00:00
[2022-01-25 06:05:59,910] {processor.py:171} INFO - Processing /opt/airflow/dags/second_dag.py took 0.078 seconds
[2022-01-25 06:06:30,020] {processor.py:163} INFO - Started process (PID=2169) to work on /opt/airflow/dags/second_dag.py
[2022-01-25 06:06:30,022] {processor.py:642} INFO - Processing file /opt/airflow/dags/second_dag.py for tasks to queue
[2022-01-25 06:06:30,023] {logging_mixin.py:109} INFO - [2022-01-25 06:06:30,023] {dagbag.py:500} INFO - Filling up the DagBag from /opt/airflow/dags/second_dag.py
[2022-01-25 06:06:30,057] {processor.py:654} INFO - DAG(s) dict_keys(['this_is_first_dag']) retrieved from /opt/airflow/dags/second_dag.py
[2022-01-25 06:06:30,061] {logging_mixin.py:109} INFO - [2022-01-25 06:06:30,061] {dag.py:2396} INFO - Sync 1 DAGs
[2022-01-25 06:06:30,082] {logging_mixin.py:109} INFO - [2022-01-25 06:06:30,081] {dag.py:2935} INFO - Setting next_dagrun for this_is_first_dag to 2022-01-12 00:00:00+00:00
[2022-01-25 06:06:30,090] {processor.py:171} INFO - Processing /opt/airflow/dags/second_dag.py took 0.074 seconds
[2022-01-25 06:07:00,166] {processor.py:163} INFO - Started process (PID=2209) to work on /opt/airflow/dags/second_dag.py
[2022-01-25 06:07:00,167] {processor.py:642} INFO - Processing file /opt/airflow/dags/second_dag.py for tasks to queue
[2022-01-25 06:07:00,168] {logging_mixin.py:109} INFO - [2022-01-25 06:07:00,168] {dagbag.py:500} INFO - Filling up the DagBag from /opt/airflow/dags/second_dag.py
[2022-01-25 06:07:00,202] {processor.py:654} INFO - DAG(s) dict_keys(['this_is_first_dag']) retrieved from /opt/airflow/dags/second_dag.py
[2022-01-25 06:07:00,427] {logging_mixin.py:109} INFO - [2022-01-25 06:07:00,427] {dag.py:2396} INFO - Sync 1 DAGs
[2022-01-25 06:07:00,446] {logging_mixin.py:109} INFO - [2022-01-25 06:07:00,446] {dag.py:2935} INFO - Setting next_dagrun for this_is_first_dag to 2022-01-12 00:00:00+00:00
[2022-01-25 06:07:00,456] {processor.py:171} INFO - Processing /opt/airflow/dags/second_dag.py took 0.295 seconds
[2022-01-25 06:07:31,308] {processor.py:163} INFO - Started process (PID=2239) to work on /opt/airflow/dags/second_dag.py
[2022-01-25 06:07:31,309] {processor.py:642} INFO - Processing file /opt/airflow/dags/second_dag.py for tasks to queue
[2022-01-25 06:07:31,310] {logging_mixin.py:109} INFO - [2022-01-25 06:07:31,310] {dagbag.py:500} INFO - Filling up the DagBag from /opt/airflow/dags/second_dag.py
[2022-01-25 06:07:31,343] {processor.py:654} INFO - DAG(s) dict_keys(['this_is_first_dag']) retrieved from /opt/airflow/dags/second_dag.py
[2022-01-25 06:07:31,354] {logging_mixin.py:109} INFO - [2022-01-25 06:07:31,354] {dag.py:2396} INFO - Sync 1 DAGs
[2022-01-25 06:07:31,374] {logging_mixin.py:109} INFO - [2022-01-25 06:07:31,374] {dag.py:2935} INFO - Setting next_dagrun for this_is_first_dag to 2022-01-12 00:00:00+00:00
[2022-01-25 06:07:31,383] {processor.py:171} INFO - Processing /opt/airflow/dags/second_dag.py took 0.079 seconds
[2022-01-25 06:08:01,485] {processor.py:163} INFO - Started process (PID=2269) to work on /opt/airflow/dags/second_dag.py
[2022-01-25 06:08:01,487] {processor.py:642} INFO - Processing file /opt/airflow/dags/second_dag.py for tasks to queue
[2022-01-25 06:08:01,487] {logging_mixin.py:109} INFO - [2022-01-25 06:08:01,487] {dagbag.py:500} INFO - Filling up the DagBag from /opt/airflow/dags/second_dag.py
[2022-01-25 06:08:01,520] {processor.py:654} INFO - DAG(s) dict_keys(['this_is_first_dag']) retrieved from /opt/airflow/dags/second_dag.py
[2022-01-25 06:08:01,524] {logging_mixin.py:109} INFO - [2022-01-25 06:08:01,524] {dag.py:2396} INFO - Sync 1 DAGs
[2022-01-25 06:08:01,544] {logging_mixin.py:109} INFO - [2022-01-25 06:08:01,544] {dag.py:2935} INFO - Setting next_dagrun for this_is_first_dag to 2022-01-12 00:00:00+00:00
[2022-01-25 06:08:01,553] {processor.py:171} INFO - Processing /opt/airflow/dags/second_dag.py took 0.072 seconds
[2022-01-25 06:08:31,631] {processor.py:163} INFO - Started process (PID=2309) to work on /opt/airflow/dags/second_dag.py
[2022-01-25 06:08:31,633] {processor.py:642} INFO - Processing file /opt/airflow/dags/second_dag.py for tasks to queue
[2022-01-25 06:08:31,634] {logging_mixin.py:109} INFO - [2022-01-25 06:08:31,633] {dagbag.py:500} INFO - Filling up the DagBag from /opt/airflow/dags/second_dag.py
[2022-01-25 06:08:31,667] {processor.py:654} INFO - DAG(s) dict_keys(['this_is_first_dag']) retrieved from /opt/airflow/dags/second_dag.py
[2022-01-25 06:08:31,899] {logging_mixin.py:109} INFO - [2022-01-25 06:08:31,899] {dag.py:2396} INFO - Sync 1 DAGs
[2022-01-25 06:08:31,918] {logging_mixin.py:109} INFO - [2022-01-25 06:08:31,918] {dag.py:2935} INFO - Setting next_dagrun for this_is_first_dag to 2022-01-12 00:00:00+00:00
[2022-01-25 06:08:31,929] {processor.py:171} INFO - Processing /opt/airflow/dags/second_dag.py took 0.302 seconds
