[2022-01-25 06:35:59,862] {taskinstance.py:1032} INFO - Dependencies all met for <TaskInstance: this_is_first_dag.first_task scheduled__2022-01-17T00:00:00+00:00 [queued]>
[2022-01-25 06:35:59,873] {taskinstance.py:1032} INFO - Dependencies all met for <TaskInstance: this_is_first_dag.first_task scheduled__2022-01-17T00:00:00+00:00 [queued]>
[2022-01-25 06:35:59,873] {taskinstance.py:1238} INFO - 
--------------------------------------------------------------------------------
[2022-01-25 06:35:59,873] {taskinstance.py:1239} INFO - Starting attempt 1 of 6
[2022-01-25 06:35:59,873] {taskinstance.py:1240} INFO - 
--------------------------------------------------------------------------------
[2022-01-25 06:35:59,887] {taskinstance.py:1259} INFO - Executing <Task(BashOperator): first_task> on 2022-01-17 00:00:00+00:00
[2022-01-25 06:35:59,891] {standard_task_runner.py:52} INFO - Started process 3887 to run task
[2022-01-25 06:35:59,900] {standard_task_runner.py:76} INFO - Running: ['***', 'tasks', 'run', 'this_is_first_dag', 'first_task', 'scheduled__2022-01-17T00:00:00+00:00', '--job-id', '7', '--raw', '--subdir', 'DAGS_FOLDER/first_dag.py', '--cfg-path', '/tmp/tmpqpztkxcp', '--error-file', '/tmp/tmp_xn086r3']
[2022-01-25 06:35:59,905] {standard_task_runner.py:77} INFO - Job 7: Subtask first_task
[2022-01-25 06:35:59,989] {logging_mixin.py:109} INFO - Running <TaskInstance: this_is_first_dag.first_task scheduled__2022-01-17T00:00:00+00:00 [running]> on host ceab856ace11
[2022-01-25 06:36:00,162] {taskinstance.py:1426} INFO - Exporting the following env vars:
AIRFLOW_CTX_DAG_OWNER=airflaw_test
AIRFLOW_CTX_DAG_ID=this_is_first_dag
AIRFLOW_CTX_TASK_ID=first_task
AIRFLOW_CTX_EXECUTION_DATE=2022-01-17T00:00:00+00:00
AIRFLOW_CTX_DAG_RUN_ID=scheduled__2022-01-17T00:00:00+00:00
[2022-01-25 06:36:00,163] {subprocess.py:62} INFO - Tmp dir root location: 
 /tmp
[2022-01-25 06:36:00,163] {subprocess.py:74} INFO - Running command: ['bash', '-c', 'echo Hello, this is my first dag. Are you OK?']
[2022-01-25 06:36:00,174] {subprocess.py:85} INFO - Output:
[2022-01-25 06:36:00,176] {subprocess.py:89} INFO - Hello, this is my first dag. Are you OK?
[2022-01-25 06:36:00,201] {subprocess.py:93} INFO - Command exited with return code 0
[2022-01-25 06:36:00,227] {taskinstance.py:1277} INFO - Marking task as SUCCESS. dag_id=this_is_first_dag, task_id=first_task, execution_date=20220117T000000, start_date=20220125T063559, end_date=20220125T063600
[2022-01-25 06:36:00,277] {local_task_job.py:154} INFO - Task exited with return code 0
[2022-01-25 06:36:00,307] {local_task_job.py:264} INFO - 0 downstream tasks scheduled from follow-on schedule check
[2022-01-25 07:27:43,085] {taskinstance.py:1032} INFO - Dependencies all met for <TaskInstance: this_is_first_dag.first_task scheduled__2022-01-17T00:00:00+00:00 [queued]>
[2022-01-25 07:27:43,104] {taskinstance.py:1032} INFO - Dependencies all met for <TaskInstance: this_is_first_dag.first_task scheduled__2022-01-17T00:00:00+00:00 [queued]>
[2022-01-25 07:27:43,104] {taskinstance.py:1238} INFO - 
--------------------------------------------------------------------------------
[2022-01-25 07:27:43,104] {taskinstance.py:1239} INFO - Starting attempt 1 of 6
[2022-01-25 07:27:43,105] {taskinstance.py:1240} INFO - 
--------------------------------------------------------------------------------
[2022-01-25 07:27:43,116] {taskinstance.py:1259} INFO - Executing <Task(BashOperator): first_task> on 2022-01-17 00:00:00+00:00
[2022-01-25 07:27:43,120] {standard_task_runner.py:52} INFO - Started process 349 to run task
[2022-01-25 07:27:43,124] {standard_task_runner.py:76} INFO - Running: ['***', 'tasks', 'run', 'this_is_first_dag', 'first_task', 'scheduled__2022-01-17T00:00:00+00:00', '--job-id', '7', '--raw', '--subdir', 'DAGS_FOLDER/first_dag.py', '--cfg-path', '/tmp/tmp68od32pa', '--error-file', '/tmp/tmp9vf6aevs']
[2022-01-25 07:27:43,128] {standard_task_runner.py:77} INFO - Job 7: Subtask first_task
[2022-01-25 07:27:43,320] {logging_mixin.py:109} INFO - Running <TaskInstance: this_is_first_dag.first_task scheduled__2022-01-17T00:00:00+00:00 [running]> on host 943a4c094194
[2022-01-25 07:27:43,374] {taskinstance.py:1426} INFO - Exporting the following env vars:
AIRFLOW_CTX_DAG_OWNER=airflaw_test
AIRFLOW_CTX_DAG_ID=this_is_first_dag
AIRFLOW_CTX_TASK_ID=first_task
AIRFLOW_CTX_EXECUTION_DATE=2022-01-17T00:00:00+00:00
AIRFLOW_CTX_DAG_RUN_ID=scheduled__2022-01-17T00:00:00+00:00
[2022-01-25 07:27:43,375] {subprocess.py:62} INFO - Tmp dir root location: 
 /tmp
[2022-01-25 07:27:43,376] {subprocess.py:74} INFO - Running command: ['bash', '-c', 'echo Hello, this is my first dag. Are you OK?']
[2022-01-25 07:27:43,387] {subprocess.py:85} INFO - Output:
[2022-01-25 07:27:43,387] {subprocess.py:89} INFO - Hello, this is my first dag. Are you OK?
[2022-01-25 07:27:43,387] {subprocess.py:93} INFO - Command exited with return code 0
[2022-01-25 07:27:43,412] {taskinstance.py:1277} INFO - Marking task as SUCCESS. dag_id=this_is_first_dag, task_id=first_task, execution_date=20220117T000000, start_date=20220125T072743, end_date=20220125T072743
[2022-01-25 07:27:43,459] {local_task_job.py:154} INFO - Task exited with return code 0
[2022-01-25 07:27:43,488] {local_task_job.py:264} INFO - 0 downstream tasks scheduled from follow-on schedule check
