[2022-01-25 06:35:59,571] {taskinstance.py:1032} INFO - Dependencies all met for <TaskInstance: this_is_first_dag.first_task scheduled__2022-01-15T00:00:00+00:00 [queued]>
[2022-01-25 06:35:59,581] {taskinstance.py:1032} INFO - Dependencies all met for <TaskInstance: this_is_first_dag.first_task scheduled__2022-01-15T00:00:00+00:00 [queued]>
[2022-01-25 06:35:59,582] {taskinstance.py:1238} INFO - 
--------------------------------------------------------------------------------
[2022-01-25 06:35:59,582] {taskinstance.py:1239} INFO - Starting attempt 1 of 6
[2022-01-25 06:35:59,582] {taskinstance.py:1240} INFO - 
--------------------------------------------------------------------------------
[2022-01-25 06:35:59,596] {taskinstance.py:1259} INFO - Executing <Task(BashOperator): first_task> on 2022-01-15 00:00:00+00:00
[2022-01-25 06:35:59,617] {standard_task_runner.py:52} INFO - Started process 3881 to run task
[2022-01-25 06:35:59,632] {standard_task_runner.py:76} INFO - Running: ['***', 'tasks', 'run', 'this_is_first_dag', 'first_task', 'scheduled__2022-01-15T00:00:00+00:00', '--job-id', '5', '--raw', '--subdir', 'DAGS_FOLDER/first_dag.py', '--cfg-path', '/tmp/tmp7xzjqzdr', '--error-file', '/tmp/tmp3cm_1nz1']
[2022-01-25 06:35:59,636] {standard_task_runner.py:77} INFO - Job 5: Subtask first_task
[2022-01-25 06:35:59,708] {logging_mixin.py:109} INFO - Running <TaskInstance: this_is_first_dag.first_task scheduled__2022-01-15T00:00:00+00:00 [running]> on host ceab856ace11
[2022-01-25 06:35:59,886] {taskinstance.py:1426} INFO - Exporting the following env vars:
AIRFLOW_CTX_DAG_OWNER=airflaw_test
AIRFLOW_CTX_DAG_ID=this_is_first_dag
AIRFLOW_CTX_TASK_ID=first_task
AIRFLOW_CTX_EXECUTION_DATE=2022-01-15T00:00:00+00:00
AIRFLOW_CTX_DAG_RUN_ID=scheduled__2022-01-15T00:00:00+00:00
[2022-01-25 06:35:59,887] {subprocess.py:62} INFO - Tmp dir root location: 
 /tmp
[2022-01-25 06:35:59,887] {subprocess.py:74} INFO - Running command: ['bash', '-c', 'echo Hello, this is my first dag. Are you OK?']
[2022-01-25 06:35:59,905] {subprocess.py:85} INFO - Output:
[2022-01-25 06:35:59,905] {subprocess.py:89} INFO - Hello, this is my first dag. Are you OK?
[2022-01-25 06:35:59,905] {subprocess.py:93} INFO - Command exited with return code 0
[2022-01-25 06:35:59,981] {taskinstance.py:1277} INFO - Marking task as SUCCESS. dag_id=this_is_first_dag, task_id=first_task, execution_date=20220115T000000, start_date=20220125T063559, end_date=20220125T063559
[2022-01-25 06:36:00,038] {local_task_job.py:154} INFO - Task exited with return code 0
[2022-01-25 06:36:00,071] {local_task_job.py:264} INFO - 0 downstream tasks scheduled from follow-on schedule check
[2022-01-25 07:27:42,820] {taskinstance.py:1032} INFO - Dependencies all met for <TaskInstance: this_is_first_dag.first_task scheduled__2022-01-15T00:00:00+00:00 [queued]>
[2022-01-25 07:27:42,833] {taskinstance.py:1032} INFO - Dependencies all met for <TaskInstance: this_is_first_dag.first_task scheduled__2022-01-15T00:00:00+00:00 [queued]>
[2022-01-25 07:27:42,833] {taskinstance.py:1238} INFO - 
--------------------------------------------------------------------------------
[2022-01-25 07:27:42,833] {taskinstance.py:1239} INFO - Starting attempt 1 of 6
[2022-01-25 07:27:42,833] {taskinstance.py:1240} INFO - 
--------------------------------------------------------------------------------
[2022-01-25 07:27:42,846] {taskinstance.py:1259} INFO - Executing <Task(BashOperator): first_task> on 2022-01-15 00:00:00+00:00
[2022-01-25 07:27:42,850] {standard_task_runner.py:52} INFO - Started process 341 to run task
[2022-01-25 07:27:42,858] {standard_task_runner.py:76} INFO - Running: ['***', 'tasks', 'run', 'this_is_first_dag', 'first_task', 'scheduled__2022-01-15T00:00:00+00:00', '--job-id', '5', '--raw', '--subdir', 'DAGS_FOLDER/first_dag.py', '--cfg-path', '/tmp/tmpwq6sggo3', '--error-file', '/tmp/tmp6mcy5cr_']
[2022-01-25 07:27:42,863] {standard_task_runner.py:77} INFO - Job 5: Subtask first_task
[2022-01-25 07:27:42,931] {logging_mixin.py:109} INFO - Running <TaskInstance: this_is_first_dag.first_task scheduled__2022-01-15T00:00:00+00:00 [running]> on host 943a4c094194
[2022-01-25 07:27:43,096] {taskinstance.py:1426} INFO - Exporting the following env vars:
AIRFLOW_CTX_DAG_OWNER=airflaw_test
AIRFLOW_CTX_DAG_ID=this_is_first_dag
AIRFLOW_CTX_TASK_ID=first_task
AIRFLOW_CTX_EXECUTION_DATE=2022-01-15T00:00:00+00:00
AIRFLOW_CTX_DAG_RUN_ID=scheduled__2022-01-15T00:00:00+00:00
[2022-01-25 07:27:43,097] {subprocess.py:62} INFO - Tmp dir root location: 
 /tmp
[2022-01-25 07:27:43,098] {subprocess.py:74} INFO - Running command: ['bash', '-c', 'echo Hello, this is my first dag. Are you OK?']
[2022-01-25 07:27:43,128] {subprocess.py:85} INFO - Output:
[2022-01-25 07:27:43,131] {subprocess.py:89} INFO - Hello, this is my first dag. Are you OK?
[2022-01-25 07:27:43,131] {subprocess.py:93} INFO - Command exited with return code 0
[2022-01-25 07:27:43,201] {taskinstance.py:1277} INFO - Marking task as SUCCESS. dag_id=this_is_first_dag, task_id=first_task, execution_date=20220115T000000, start_date=20220125T072742, end_date=20220125T072743
[2022-01-25 07:27:43,231] {local_task_job.py:154} INFO - Task exited with return code 0
[2022-01-25 07:27:43,301] {local_task_job.py:264} INFO - 0 downstream tasks scheduled from follow-on schedule check
