[2022-01-25 06:36:02,382] {taskinstance.py:1032} INFO - Dependencies all met for <TaskInstance: this_is_first_dag.first_task scheduled__2022-01-20T00:00:00+00:00 [queued]>
[2022-01-25 06:36:02,393] {taskinstance.py:1032} INFO - Dependencies all met for <TaskInstance: this_is_first_dag.first_task scheduled__2022-01-20T00:00:00+00:00 [queued]>
[2022-01-25 06:36:02,393] {taskinstance.py:1238} INFO - 
--------------------------------------------------------------------------------
[2022-01-25 06:36:02,393] {taskinstance.py:1239} INFO - Starting attempt 1 of 6
[2022-01-25 06:36:02,393] {taskinstance.py:1240} INFO - 
--------------------------------------------------------------------------------
[2022-01-25 06:36:02,405] {taskinstance.py:1259} INFO - Executing <Task(BashOperator): first_task> on 2022-01-20 00:00:00+00:00
[2022-01-25 06:36:02,410] {standard_task_runner.py:52} INFO - Started process 3899 to run task
[2022-01-25 06:36:02,414] {standard_task_runner.py:76} INFO - Running: ['***', 'tasks', 'run', 'this_is_first_dag', 'first_task', 'scheduled__2022-01-20T00:00:00+00:00', '--job-id', '10', '--raw', '--subdir', 'DAGS_FOLDER/first_dag.py', '--cfg-path', '/tmp/tmp5ajj_jff', '--error-file', '/tmp/tmpr38u50aq']
[2022-01-25 06:36:02,419] {standard_task_runner.py:77} INFO - Job 10: Subtask first_task
[2022-01-25 06:36:02,483] {logging_mixin.py:109} INFO - Running <TaskInstance: this_is_first_dag.first_task scheduled__2022-01-20T00:00:00+00:00 [running]> on host ceab856ace11
[2022-01-25 06:36:02,651] {taskinstance.py:1426} INFO - Exporting the following env vars:
AIRFLOW_CTX_DAG_OWNER=airflaw_test
AIRFLOW_CTX_DAG_ID=this_is_first_dag
AIRFLOW_CTX_TASK_ID=first_task
AIRFLOW_CTX_EXECUTION_DATE=2022-01-20T00:00:00+00:00
AIRFLOW_CTX_DAG_RUN_ID=scheduled__2022-01-20T00:00:00+00:00
[2022-01-25 06:36:02,652] {subprocess.py:62} INFO - Tmp dir root location: 
 /tmp
[2022-01-25 06:36:02,652] {subprocess.py:74} INFO - Running command: ['bash', '-c', 'echo Hello, this is my first dag. Are you OK?']
[2022-01-25 06:36:02,661] {subprocess.py:85} INFO - Output:
[2022-01-25 06:36:02,663] {subprocess.py:89} INFO - Hello, this is my first dag. Are you OK?
[2022-01-25 06:36:02,664] {subprocess.py:93} INFO - Command exited with return code 0
[2022-01-25 06:36:02,691] {taskinstance.py:1277} INFO - Marking task as SUCCESS. dag_id=this_is_first_dag, task_id=first_task, execution_date=20220120T000000, start_date=20220125T063602, end_date=20220125T063602
[2022-01-25 06:36:02,746] {local_task_job.py:154} INFO - Task exited with return code 0
[2022-01-25 06:36:02,776] {local_task_job.py:264} INFO - 0 downstream tasks scheduled from follow-on schedule check
[2022-01-25 07:27:45,505] {taskinstance.py:1032} INFO - Dependencies all met for <TaskInstance: this_is_first_dag.first_task scheduled__2022-01-20T00:00:00+00:00 [queued]>
[2022-01-25 07:27:45,516] {taskinstance.py:1032} INFO - Dependencies all met for <TaskInstance: this_is_first_dag.first_task scheduled__2022-01-20T00:00:00+00:00 [queued]>
[2022-01-25 07:27:45,516] {taskinstance.py:1238} INFO - 
--------------------------------------------------------------------------------
[2022-01-25 07:27:45,516] {taskinstance.py:1239} INFO - Starting attempt 1 of 6
[2022-01-25 07:27:45,516] {taskinstance.py:1240} INFO - 
--------------------------------------------------------------------------------
[2022-01-25 07:27:45,528] {taskinstance.py:1259} INFO - Executing <Task(BashOperator): first_task> on 2022-01-20 00:00:00+00:00
[2022-01-25 07:27:45,532] {standard_task_runner.py:52} INFO - Started process 360 to run task
[2022-01-25 07:27:45,536] {standard_task_runner.py:76} INFO - Running: ['***', 'tasks', 'run', 'this_is_first_dag', 'first_task', 'scheduled__2022-01-20T00:00:00+00:00', '--job-id', '10', '--raw', '--subdir', 'DAGS_FOLDER/first_dag.py', '--cfg-path', '/tmp/tmp41rls89k', '--error-file', '/tmp/tmpg52k_3wo']
[2022-01-25 07:27:45,540] {standard_task_runner.py:77} INFO - Job 10: Subtask first_task
[2022-01-25 07:27:45,708] {logging_mixin.py:109} INFO - Running <TaskInstance: this_is_first_dag.first_task scheduled__2022-01-20T00:00:00+00:00 [running]> on host 943a4c094194
[2022-01-25 07:27:45,786] {taskinstance.py:1426} INFO - Exporting the following env vars:
AIRFLOW_CTX_DAG_OWNER=airflaw_test
AIRFLOW_CTX_DAG_ID=this_is_first_dag
AIRFLOW_CTX_TASK_ID=first_task
AIRFLOW_CTX_EXECUTION_DATE=2022-01-20T00:00:00+00:00
AIRFLOW_CTX_DAG_RUN_ID=scheduled__2022-01-20T00:00:00+00:00
[2022-01-25 07:27:45,786] {subprocess.py:62} INFO - Tmp dir root location: 
 /tmp
[2022-01-25 07:27:45,787] {subprocess.py:74} INFO - Running command: ['bash', '-c', 'echo Hello, this is my first dag. Are you OK?']
[2022-01-25 07:27:45,796] {subprocess.py:85} INFO - Output:
[2022-01-25 07:27:45,798] {subprocess.py:89} INFO - Hello, this is my first dag. Are you OK?
[2022-01-25 07:27:45,799] {subprocess.py:93} INFO - Command exited with return code 0
[2022-01-25 07:27:45,825] {taskinstance.py:1277} INFO - Marking task as SUCCESS. dag_id=this_is_first_dag, task_id=first_task, execution_date=20220120T000000, start_date=20220125T072745, end_date=20220125T072745
[2022-01-25 07:27:45,868] {local_task_job.py:154} INFO - Task exited with return code 0
[2022-01-25 07:27:45,900] {local_task_job.py:264} INFO - 0 downstream tasks scheduled from follow-on schedule check
